[35m[Appium][39m Welcome to Appium v1.22.3
[35m[Appium][39m Non-default server args:
[35m[Appium][39m   port: 55953
[35m[Appium][39m   loglevel: info
[35m[Appium][39m   tmpDir: C:\Users\zihad\AppData\Local\Temp\\Katalon\Appium\Temp1680705734490
[35m[Appium][39m   chromedriverPort: 55954
[35m[Appium][39m Deprecated server args:
[35m[Appium][39m   [31m--chromedriver-port[39m => --default-capabilities
[35m[Appium][39m Default capabilities, which will be added to each request unless overridden by desired capabilities:
[35m[Appium][39m   chromedriverPort: 55954
[35m[Appium][39m Appium REST http interface listener started on 0.0.0.0:55953
[35m[HTTP][39m [37m-->[39m [37mGET[39m [37m/wd/hub/status[39m
[35m[HTTP][39m [90m{}[39m
[35m[HTTP][39m [37m<-- GET /wd/hub/status [39m[32m200[39m [90m8 ms - 68[39m
[35m[HTTP][39m [90m[39m
[35m[HTTP][39m [37m-->[39m [37mGET[39m [37m/wd/hub/status[39m
[35m[HTTP][39m [90m{}[39m
[35m[HTTP][39m [37m<-- GET /wd/hub/status [39m[32m200[39m [90m1 ms - 68[39m
[35m[HTTP][39m [90m[39m
[35m[HTTP][39m [37m-->[39m [37mPOST[39m [37m/wd/hub/session[39m
[35m[HTTP][39m [90m{"desiredCapabilities":{"appPackage":"com.android.settings","appWaitActivity":"*","appWaitForlaunch":true,"deviceId":"","deviceName":"emulator-5554 (sdk_gphone64_x86_64 - Android 13)","platform":"ANDROID","appActivity":".Settings","newCommandTimeout":1800,"platformVersion":"13","automationName":"uiautomator2","autoGrantPermissions":true,"platformName":"Android","udid":"emulator-5554","systemPort":8239},"capabilities":{"firstMatch":[{"appium:appActivity":".Settings","appium:appPackage":"com.android.settings","appium:appWaitActivity":"*","appWaitForlaunch":true,"appium:autoGrantPermissions":true,"appium:automationName":"uiautomator2","deviceId":"","appium:deviceName":"emulator-5554 (sdk_gphone64_x86_64 - Android 13)","appium:newCommandTimeout":1800,"platform":"ANDROID","platformName":"android","appium:platformVersion":"13","appium:systemPort":8239,"appium:udid":"emulator-5554"}]}}[39m
[35m[BaseDriver][39m The following capabilities are not standard capabilities and should have an extension prefix:
[35m[BaseDriver][39m   appWaitForlaunch
[35m[BaseDriver][39m   deviceId
[35m[BaseDriver][39m   platform
[35m[BaseDriver][39m   chromedriverPort
[35m[Appium][39m Appium v1.22.3 creating new AndroidUiautomator2Driver (v1.70.1) session
[35m[BaseDriver][39m The following capabilities were provided, but are not recognized by Appium:
[35m[BaseDriver][39m   appWaitForlaunch
[35m[BaseDriver][39m   deviceId
[35m[BaseDriver][39m   platform
[35m[BaseDriver][39m Session created with session id: 15fdb44f-e02a-42e1-a37c-b9565633326e
[35m[UiAutomator2][39m Starting 'com.android.settings' directly on the device
[35m[ADB][39m Found 1 'build-tools' folders under 'C:\Users\zihad\.katalon\tools\android_sdk' (newest first):
[35m[ADB][39m     C:/Users/zihad/.katalon/tools/android_sdk/build-tools/29.0.3
[35m[ADB][39m Using 'adb.exe' from 'C:\Users\zihad\.katalon\tools\android_sdk\platform-tools\adb.exe'
[35m[AndroidDriver][39m Retrieving device list
[35m[AndroidDriver][39m Using device: emulator-5554
[35m[ADB][39m Using 'adb.exe' from 'C:\Users\zihad\.katalon\tools\android_sdk\platform-tools\adb.exe'
[35m[ADB][39m Getting device platform version
[35m[UiAutomator2][39m Relaxing hidden api policy
[35m[AndroidDriver][39m No app sent in, not parsing package/activity
[35m[ADB][39m Using 'apksigner.jar' from 'C:\Users\zihad\.katalon\tools\android_sdk\build-tools\29.0.3\lib\apksigner.jar'
[35m[ADB][39m 'C:\Users\zihad\AppData\Roaming\npm\node_modules\appium\node_modules\appium-uiautomator2-server\apks\appium-uiautomator2-server-v4.27.0.apk' is signed with the default certificate
[35m[ADB][39m 'C:\Users\zihad\AppData\Roaming\npm\node_modules\appium\node_modules\appium-uiautomator2-server\apks\appium-uiautomator2-server-debug-androidTest.apk' is signed with the default certificate
[35m[UiAutomator2][39m Server packages are not going to be (re)installed
[35m[ADB][39m Adding packages ["io.appium.settings","io.appium.uiautomator2.server","io.appium.uiautomator2.server.test"] to Doze whitelist
[35m[UiAutomator2][39m Starting UIAutomator2 server 4.27.0
[35m[UiAutomator2][39m Using UIAutomator2 server from 'C:\Users\zihad\AppData\Roaming\npm\node_modules\appium\node_modules\appium-uiautomator2-server\apks\appium-uiautomator2-server-v4.27.0.apk' and test from 'C:\Users\zihad\AppData\Roaming\npm\node_modules\appium\node_modules\appium-uiautomator2-server\apks\appium-uiautomator2-server-debug-androidTest.apk'
[35m[UiAutomator2][39m Waiting up to 30000ms for UiAutomator2 to be online...
[35m[WD Proxy][39m socket hang up
[35m[WD Proxy][39m socket hang up
[35m[WD Proxy][39m socket hang up
[35m[WD Proxy][39m Determined the downstream protocol as 'W3C'
[35m[AndroidDriver][39m Screen already unlocked, doing nothing
[35m[UiAutomator2][39m Starting 'com.android.settings/.Settings and waiting for 'com.android.settings/*'
[35m[Appium][39m New AndroidUiautomator2Driver session created successfully, session 15fdb44f-e02a-42e1-a37c-b9565633326e added to master session list
[35m[HTTP][39m [37m<-- POST /wd/hub/session [39m[32m200[39m [90m12203 ms - 1315[39m
[35m[HTTP][39m [90m[39m
[35m[HTTP][39m [37m-->[39m [37mGET[39m [37m/wd/hub/session/15fdb44f-e02a-42e1-a37c-b9565633326e[39m
[35m[HTTP][39m [90m{}[39m
[35m[HTTP][39m [37m<-- GET /wd/hub/session/15fdb44f-e02a-42e1-a37c-b9565633326e [39m[32m200[39m [90m33 ms - 1269[39m
[35m[HTTP][39m [90m[39m
[35m[HTTP][39m [37m-->[39m [37mGET[39m [37m/wd/hub/session/15fdb44f-e02a-42e1-a37c-b9565633326e[39m
[35m[HTTP][39m [90m{}[39m
[35m[HTTP][39m [37m<-- GET /wd/hub/session/15fdb44f-e02a-42e1-a37c-b9565633326e [39m[32m200[39m [90m46 ms - 1269[39m
[35m[HTTP][39m [90m[39m
[35m[HTTP][39m [37m-->[39m [37mGET[39m [37m/wd/hub/status[39m
[35m[HTTP][39m [90m{}[39m
[35m[HTTP][39m [37m<-- GET /wd/hub/status [39m[32m200[39m [90m2 ms - 68[39m
[35m[HTTP][39m [90m[39m
[35m[HTTP][39m [37m-->[39m [37mPOST[39m [37m/wd/hub/session/15fdb44f-e02a-42e1-a37c-b9565633326e/timeouts[39m
[35m[HTTP][39m [90m{"implicit":60000}[39m
[35m[HTTP][39m [37m<-- POST /wd/hub/session/15fdb44f-e02a-42e1-a37c-b9565633326e/timeouts [39m[32m200[39m [90m5 ms - 14[39m
[35m[HTTP][39m [90m[39m
[35m[HTTP][39m [37m-->[39m [37mGET[39m [37m/wd/hub/session/15fdb44f-e02a-42e1-a37c-b9565633326e/screenshot[39m
[35m[HTTP][39m [90m{}[39m
[35m[HTTP][39m [37m<-- GET /wd/hub/session/15fdb44f-e02a-42e1-a37c-b9565633326e/screenshot [39m[32m200[39m [90m1036 ms - 269052[39m
[35m[HTTP][39m [90m[39m
[35m[HTTP][39m [37m-->[39m [37mGET[39m [37m/wd/hub/session/15fdb44f-e02a-42e1-a37c-b9565633326e/window/rect[39m
[35m[HTTP][39m [90m{}[39m
[35m[HTTP][39m [37m<-- GET /wd/hub/session/15fdb44f-e02a-42e1-a37c-b9565633326e/window/rect [39m[32m200[39m [90m33 ms - 50[39m
[35m[HTTP][39m [90m[39m
[35m[HTTP][39m [37m-->[39m [37mGET[39m [37m/wd/hub/session/15fdb44f-e02a-42e1-a37c-b9565633326e/appium/device/system_bars[39m
[35m[HTTP][39m [90m{}[39m
[35m[HTTP][39m [37m<-- GET /wd/hub/session/15fdb44f-e02a-42e1-a37c-b9565633326e/appium/device/system_bars [39m[32m200[39m [90m139 ms - 145[39m
[35m[HTTP][39m [90m[39m
[35m[HTTP][39m [37m-->[39m [37mPOST[39m [37m/wd/hub/session/15fdb44f-e02a-42e1-a37c-b9565633326e/appium/device/activate_app[39m
[35m[HTTP][39m [90m{"bundleId":"id.binar.fp.secondhand"}[39m
[35m[HTTP][39m [37m<-- POST /wd/hub/session/15fdb44f-e02a-42e1-a37c-b9565633326e/appium/device/activate_app [39m[32m200[39m [90m628 ms - 14[39m
[35m[HTTP][39m [90m[39m
[35m[HTTP][39m [37m-->[39m [37mGET[39m [37m/wd/hub/session/15fdb44f-e02a-42e1-a37c-b9565633326e/source[39m
[35m[HTTP][39m [90m{}[39m
[35m[W3C (15fdb44f)][39m Driver proxy active, passing request on via HTTP proxy
[35m[WD Proxy][39m Replacing sessionId 832310df-45dc-40ed-b67d-677345826324 with 15fdb44f-e02a-42e1-a37c-b9565633326e
[35m[HTTP][39m [37m<-- GET /wd/hub/session/15fdb44f-e02a-42e1-a37c-b9565633326e/source [39m[32m200[39m [90m1233 ms - 43213[39m
[35m[HTTP][39m [90m[39m
[35m[HTTP][39m [37m-->[39m [37mGET[39m [37m/wd/hub/session/15fdb44f-e02a-42e1-a37c-b9565633326e/screenshot[39m
[35m[HTTP][39m [90m{}[39m
[35m[HTTP][39m [37m<-- GET /wd/hub/session/15fdb44f-e02a-42e1-a37c-b9565633326e/screenshot [39m[32m200[39m [90m1686 ms - 3097622[39m
[35m[HTTP][39m [90m[39m
[35m[HTTP][39m [37m-->[39m [37mGET[39m [37m/wd/hub/session/15fdb44f-e02a-42e1-a37c-b9565633326e/source[39m
[35m[HTTP][39m [90m{}[39m
[35m[W3C (15fdb44f)][39m Driver proxy active, passing request on via HTTP proxy
[35m[WD Proxy][39m Replacing sessionId 832310df-45dc-40ed-b67d-677345826324 with 15fdb44f-e02a-42e1-a37c-b9565633326e
[35m[HTTP][39m [37m<-- GET /wd/hub/session/15fdb44f-e02a-42e1-a37c-b9565633326e/source [39m[32m200[39m [90m267 ms - 39296[39m
[35m[HTTP][39m [90m[39m
[35m[HTTP][39m [37m-->[39m [37mGET[39m [37m/wd/hub/session/15fdb44f-e02a-42e1-a37c-b9565633326e/screenshot[39m
[35m[HTTP][39m [90m{}[39m
[35m[HTTP][39m [37m<-- GET /wd/hub/session/15fdb44f-e02a-42e1-a37c-b9565633326e/screenshot [39m[32m200[39m [90m898 ms - 180574[39m
[35m[HTTP][39m [90m[39m
[35m[HTTP][39m [37m-->[39m [37mPOST[39m [37m/wd/hub/session/15fdb44f-e02a-42e1-a37c-b9565633326e/elements[39m
[35m[HTTP][39m [90m{"using":"xpath","value":"//*[@class = 'android.widget.Button' and (@text = 'Tolak' or . = 'Tolak') and @resource-id = 'id.binar.fp.secondhand:id/btn_reject']"}[39m
[35m[HTTP][39m [37m<-- POST /wd/hub/session/15fdb44f-e02a-42e1-a37c-b9565633326e/elements [39m[32m200[39m [90m824 ms - 139[39m
[35m[HTTP][39m [90m[39m
[35m[HTTP][39m [37m-->[39m [37mPOST[39m [37m/wd/hub/session/15fdb44f-e02a-42e1-a37c-b9565633326e/timeouts[39m
[35m[HTTP][39m [90m{"implicit":1000}[39m
[35m[HTTP][39m [37m<-- POST /wd/hub/session/15fdb44f-e02a-42e1-a37c-b9565633326e/timeouts [39m[32m200[39m [90m1 ms - 14[39m
[35m[HTTP][39m [90m[39m
[35m[HTTP][39m [37m-->[39m [37mPOST[39m [37m/wd/hub/session/15fdb44f-e02a-42e1-a37c-b9565633326e/elements[39m
[35m[HTTP][39m [90m{"using":"id","value":"id.binar.fp.secondhand:id/btn_reject"}[39m
[35m[HTTP][39m [37m<-- POST /wd/hub/session/15fdb44f-e02a-42e1-a37c-b9565633326e/elements [39m[32m200[39m [90m77 ms - 139[39m
[35m[HTTP][39m [90m[39m
[35m[HTTP][39m [37m-->[39m [37mGET[39m [37m/wd/hub/session/15fdb44f-e02a-42e1-a37c-b9565633326e/element/00000000-0000-0044-ffff-ffff000003b6/location[39m
[35m[HTTP][39m [90m{}[39m
[35m[W3C (15fdb44f)][39m Driver proxy active, passing request on via HTTP proxy
[35m[WD Proxy][39m Replacing sessionId 832310df-45dc-40ed-b67d-677345826324 with 15fdb44f-e02a-42e1-a37c-b9565633326e
[35m[HTTP][39m [37m<-- GET /wd/hub/session/15fdb44f-e02a-42e1-a37c-b9565633326e/element/00000000-0000-0044-ffff-ffff000003b6/location [39m[32m200[39m [90m27 ms - 78[39m
[35m[HTTP][39m [90m[39m
[35m[HTTP][39m [37m-->[39m [37mGET[39m [37m/wd/hub/session/15fdb44f-e02a-42e1-a37c-b9565633326e/element/00000000-0000-0044-ffff-ffff000003b6/size[39m
[35m[HTTP][39m [90m{}[39m
[35m[W3C (15fdb44f)][39m Driver proxy active, passing request on via HTTP proxy
[35m[WD Proxy][39m Replacing sessionId 832310df-45dc-40ed-b67d-677345826324 with 15fdb44f-e02a-42e1-a37c-b9565633326e
[35m[HTTP][39m [37m<-- GET /wd/hub/session/15fdb44f-e02a-42e1-a37c-b9565633326e/element/00000000-0000-0044-ffff-ffff000003b6/size [39m[32m200[39m [90m20 ms - 87[39m
[35m[HTTP][39m [90m[39m
[35m[HTTP][39m [37m-->[39m [37mDELETE[39m [37m/wd/hub/session/15fdb44f-e02a-42e1-a37c-b9565633326e[39m
[35m[HTTP][39m [90m{}[39m
[35m[Appium][39m Removing session 15fdb44f-e02a-42e1-a37c-b9565633326e from our master session list
[35m[UiAutomator2][39m Restoring hidden api policy to the device default configuration
[35m[HTTP][39m [37m<-- DELETE /wd/hub/session/15fdb44f-e02a-42e1-a37c-b9565633326e [39m[32m200[39m [90m464 ms - 14[39m
[35m[HTTP][39m [90m[39m
